306.9001 	INFO 	Loaded monitor calibration from ['2024_08_09 11:05']
311.8367 	EXP 	Created window1 = Window(allowGUI=True, allowStencil=False, autoLog=True, backendConf=UNKNOWN, backgroundFit=<method-wrapper '__getattribute__' of attributeSetter object at 0x000001C191B18910>, backgroundImage=<method-wrapper '__getattribute__' of attributeSetter object at 0x000001C191B188B0>, bitsMode=UNKNOWN, blendMode='avg', bpc=(8, 8, 8), color=array([0, 0, 0]), colorSpace='rgb', depthBits=8, fullscr=<method-wrapper '__getattribute__' of attributeSetter object at 0x000001C191B18700>, gamma=None, gammaErrorPolicy='raise', infoMsg=UNKNOWN, lms=UNKNOWN, monitor=<psychopy.monitors.calibTools.Monitor object at 0x000001C191ED6820>, multiSample=False, name='window1', numSamples=2, pos=[560.0, 240.0], screen=0, size=array([800, 600]), stencilBits=0, stereo=False, title='PsychoPy', units='height', useFBO=True, useRetina=False, viewOri=0.0, viewPos=None, viewScale=None, waitBlanking=True, winType='pyglet')
311.8367 	EXP 	window1: backgroundImage = ''
311.8367 	EXP 	window1: backgroundFit = 'none'
311.8370 	EXP 	window1: mouseVisible = <method-wrapper '__getattribute__' of attributeSetter object at 0x000001C191B18A30>
311.8376 	EXP 	window1: mouseVisible = <method-wrapper '__getattribute__' of attributeSetter object at 0x000001C191B18A30>
311.9829 	EXP 	window1: mouseVisible = <method-wrapper '__getattribute__' of attributeSetter object at 0x000001C191B18A30>
311.9834 	EXP 	window1: mouseVisible = <method-wrapper '__getattribute__' of attributeSetter object at 0x000001C191B18A30>
312.4427 	DEBUG 	TextBox2 loaded 1 chars with 0 blanks and 1 valid
312.4438 	DEBUG 	TextBox2 loaded 1 chars with 0 blanks and 1 valid
312.4447 	DEBUG 	TextBox2 loaded 1 chars with 0 blanks and 1 valid
312.4458 	DEBUG 	TextBox2 loaded 1 chars with 0 blanks and 1 valid
312.4468 	DEBUG 	TextBox2 loaded 1 chars with 0 blanks and 1 valid
312.4475 	DEBUG 	TextBox2 loaded 1 chars with 0 blanks and 1 valid
312.4483 	DEBUG 	TextBox2 loaded 1 chars with 0 blanks and 1 valid
312.4494 	DEBUG 	TextBox2 loaded 1 chars with 0 blanks and 1 valid
312.4499 	DEBUG 	TextBox2 loaded 1 chars with 0 blanks and 1 valid
312.4504 	DEBUG 	TextBox2 loaded 1 chars with 0 blanks and 1 valid
312.4513 	DEBUG 	TextBox2 loaded 1 chars with 0 blanks and 1 valid
312.4521 	DEBUG 	TextBox2 loaded 1 chars with 0 blanks and 1 valid
312.4529 	DEBUG 	TextBox2 loaded 1 chars with 0 blanks and 1 valid
312.4538 	DEBUG 	TextBox2 loaded 1 chars with 0 blanks and 1 valid
312.4546 	DEBUG 	TextBox2 loaded 1 chars with 0 blanks and 1 valid
312.4555 	DEBUG 	TextBox2 loaded 1 chars with 0 blanks and 1 valid
312.4564 	DEBUG 	TextBox2 loaded 1 chars with 0 blanks and 1 valid
312.4570 	DEBUG 	TextBox2 loaded 1 chars with 0 blanks and 1 valid
312.4577 	DEBUG 	TextBox2 loaded 1 chars with 0 blanks and 1 valid
312.4587 	DEBUG 	TextBox2 loaded 1 chars with 0 blanks and 1 valid
312.4593 	DEBUG 	TextBox2 loaded 1 chars with 0 blanks and 1 valid
312.4661 	DEBUG 	Uploading Texture Font fontname to graphics card
312.4770 	DEBUG 	Upload of Texture Font fontname complete
312.4784 	EXP 	window1: mouseVisible = <method-wrapper '__getattribute__' of attributeSetter object at 0x000001C191B18A30>
312.4785 	EXP 	window1: mouseVisible = <method-wrapper '__getattribute__' of attributeSetter object at 0x000001C191B18A30>
312.4790 	EXP 	window1: mouseVisible = <method-wrapper '__getattribute__' of attributeSetter object at 0x000001C191B18A30>
312.4795 	EXP 	window1: mouseVisible = <method-wrapper '__getattribute__' of attributeSetter object at 0x000001C191B18A30>
312.4950 	DEBUG 	TextBox2 loaded 1 chars with 0 blanks and 1 valid
312.4961 	DEBUG 	TextBox2 loaded 1 chars with 0 blanks and 1 valid
312.4971 	DEBUG 	TextBox2 loaded 1 chars with 0 blanks and 1 valid
312.4974 	DEBUG 	Uploading Texture Font fontname to graphics card
312.5100 	DEBUG 	Upload of Texture Font fontname complete
312.5228 	EXP 	window1: Attempting to measure frame rate of screen (0) ...
312.5228 	EXP 	window1: recordFrameIntervals = False
312.7550 	EXP 	window1: recordFrameIntervals = True
312.9385 	EXP 	Screen (0) actual frame rate measured at 59.99Hz
312.9385 	EXP 	window1: recordFrameIntervals = False
312.9386 	EXP 	window1: mouseVisible = True
312.9389 	EXP 	window1: mouseVisible = True
312.9390 	EXP 	window1: mouseVisible = True
312.9395 	EXP 	window1: mouseVisible = True
312.9400 	EXP 	window1: mouseVisible = True
312.9560 	DEBUG 	TextBox2 loaded 1 chars with 0 blanks and 1 valid
312.9577 	DEBUG 	TextBox2 loaded 1 chars with 0 blanks and 1 valid
312.9588 	DEBUG 	TextBox2 loaded 1 chars with 0 blanks and 1 valid
312.9600 	DEBUG 	TextBox2 loaded 1 chars with 0 blanks and 1 valid
312.9610 	DEBUG 	TextBox2 loaded 1 chars with 0 blanks and 1 valid
312.9622 	DEBUG 	TextBox2 loaded 1 chars with 0 blanks and 1 valid
312.9629 	DEBUG 	TextBox2 loaded 1 chars with 0 blanks and 1 valid
312.9639 	DEBUG 	TextBox2 loaded 1 chars with 0 blanks and 1 valid
312.9650 	DEBUG 	TextBox2 loaded 1 chars with 0 blanks and 1 valid
312.9660 	DEBUG 	TextBox2 loaded 1 chars with 0 blanks and 1 valid
312.9663 	DEBUG 	Uploading Texture Font fontname to graphics card
312.9667 	DEBUG 	Upload of Texture Font fontname complete
312.9681 	EXP 	window1: mouseVisible = True
312.9683 	EXP 	window1: mouseVisible = True
312.9688 	EXP 	window1: mouseVisible = True
312.9692 	EXP 	window1: mouseVisible = True
313.1181 	WARNING 	launchHubServer: If using the iohub mouse or eyetracker devices, fullScr should be True.
331.4007 	INFO 	keyboard.Keyboard is using iohub backend.
331.4008 	INFO 	keyboard.Keyboard is using iohub backend.
331.4009 	INFO 	keyboard.Keyboard is using iohub backend.
331.4009 	EXP 	Signal Detection Task: status = STARTED
331.4013 	EXP 	window1: mouseVisible = True
332.4459 	EXP 	Created text = TextStim(__class__=<class 'psychopy.visual.text.TextStim'>, alignHoriz=method-wrapper(...), alignText='center', alignVert=method-wrapper(...), anchorHoriz='center', anchorVert='center', antialias=True, autoDraw=False, autoLog=True, bold=False, color=array([1., 1., 1.]), colorSpace='rgb', contrast=1.0, depth=0.0, draggable=False, flipHoriz=False, flipVert=False, font='Arial', fontFiles=[], height=0.05, italic=False, languageStyle='LTR', name='text', opacity=1.0, ori=0.0, pos=array([0., 0.]), rgb=UNKNOWN, text=str(...), units='height', win=Window(...), wrapWidth=1)
332.4461 	EXP 	window1: mouseVisible = True
332.5030 	EXP 	Created fixation = ShapeStim(__class__=<class 'psychopy.visual.shape.ShapeStim'>, anchor=('center', 'center'), autoDraw=False, autoLog=True, closeShape=True, color=method-wrapper(...), colorSpace='rgb', contrast=None, depth=0.0, draggable=False, fillColor=array([1, 1, 1]), fillColorSpace='rgb', fillRGB=array([1, 1, 1]), interpolate=True, lineColor=array([1., 1., 1.]), lineColorSpace='rgb', lineRGB=array([1, 1, 1]), lineWidth=1.0, name='fixation', opacity=1.0, ori=0.0, pos=array([0., 0.]), size=array([10., 10.]), units='pix', vertices=ndarray(...), win=Window(...), windingRule=None)
332.5032 	EXP 	window1: mouseVisible = True
332.5496 	EXP 	Created grating = GratingStim(__class__=<class 'psychopy.visual.grating.GratingStim'>, anchor='center', autoDraw=False, autoLog=True, blendmode='avg', color=array([0.3, 0.3, 0.3]), colorSpace='rgb', contrast=0.3, depth=-1.0, draggable=False, interpolate=True, mask='gauss', maskParams=None, name='grating', opacity=1.0, ori=1.0, phase=array([0., 0.]), pos=array([0., 0.]), rgbPedestal=array([0., 0., 0.]), sf=array([5., 5.]), size=array([0.2, 0.2]), tex='sin', texRes=128.0, units='height', win=Window(...))
0.0016 	DATA 	Mouse: Right button down, pos=(254,445)
0.0025 	DATA 	Mouse:  Right button up, pos=(254,445)
0.0425 	INFO 	Keyboard events cleared
0.0421 	EXP 	text: autoDraw = True
2.4430 	EXP 	Created sequence: random, trialTypes=1, nReps=100, seed=None
2.4434 	EXP 	New trial (rep=0, index=0): None
2.4450 	DATA 	Keypress: space
2.4582 	EXP 	text: autoDraw = False
2.4582 	EXP 	grating: ori = 0.0
2.4582 	EXP 	fixation: autoDraw = True
3.3148 	INFO 	Keyboard events cleared
3.3144 	EXP 	grating: autoDraw = True
3.3144 	EXP 	grating: tex = 'sin'
3.4588 	EXP 	fixation: autoDraw = False
3.6255 	EXP 	grating: autoDraw = False
3.8147 	EXP 	New trial (rep=1, index=0): None
3.8161 	DATA 	Keypress: up
3.8249 	EXP 	fixation: autoDraw = False
3.8249 	EXP 	grating: autoDraw = False
3.8249 	EXP 	grating: ori = 1.0
3.8249 	EXP 	fixation: autoDraw = True
4.8257 	INFO 	Keyboard events cleared
4.8253 	EXP 	fixation: autoDraw = False
4.8253 	EXP 	grating: autoDraw = True
5.1252 	EXP 	grating: autoDraw = False
5.5123 	EXP 	New trial (rep=2, index=0): None
5.5134 	DATA 	Keypress: up
5.5252 	EXP 	fixation: autoDraw = False
5.5252 	EXP 	grating: autoDraw = False
5.5252 	EXP 	grating: ori = 0.0
5.5252 	EXP 	fixation: autoDraw = True
6.5256 	INFO 	Keyboard events cleared
6.5252 	EXP 	fixation: autoDraw = False
6.5252 	EXP 	grating: autoDraw = True
6.8251 	EXP 	grating: autoDraw = False
7.3290 	EXP 	New trial (rep=3, index=0): None
7.3301 	DATA 	Keypress: down
7.3416 	EXP 	fixation: autoDraw = False
7.3416 	EXP 	grating: autoDraw = False
7.3416 	EXP 	grating: ori = -5.0
7.3416 	EXP 	fixation: autoDraw = True
8.3419 	INFO 	Keyboard events cleared
8.3415 	EXP 	fixation: autoDraw = False
8.3415 	EXP 	grating: autoDraw = True
8.6415 	EXP 	grating: autoDraw = False
8.7952 	EXP 	New trial (rep=4, index=0): None
8.7963 	DATA 	Keypress: down
8.8081 	EXP 	fixation: autoDraw = False
8.8081 	EXP 	grating: autoDraw = False
8.8081 	EXP 	grating: ori = 1.0
8.8081 	EXP 	fixation: autoDraw = True
9.8085 	INFO 	Keyboard events cleared
9.8080 	EXP 	fixation: autoDraw = False
9.8080 	EXP 	grating: autoDraw = True
10.1079 	EXP 	grating: autoDraw = False
10.5784 	EXP 	New trial (rep=5, index=0): None
10.5823 	DATA 	Keypress: down
10.5913 	EXP 	fixation: autoDraw = False
10.5913 	EXP 	grating: autoDraw = False
10.5913 	EXP 	grating: ori = 0.0
10.5913 	EXP 	fixation: autoDraw = True
11.5917 	INFO 	Keyboard events cleared
11.5912 	EXP 	fixation: autoDraw = False
11.5912 	EXP 	grating: autoDraw = True
11.8911 	EXP 	grating: autoDraw = False
12.0947 	EXP 	New trial (rep=6, index=0): None
12.0959 	DATA 	Keypress: up
12.1078 	EXP 	fixation: autoDraw = False
12.1078 	EXP 	grating: autoDraw = False
12.1078 	EXP 	grating: ori = 0.0
12.1078 	EXP 	fixation: autoDraw = True
13.1079 	INFO 	Keyboard events cleared
13.1075 	EXP 	fixation: autoDraw = False
13.1075 	EXP 	grating: autoDraw = True
13.4074 	EXP 	grating: autoDraw = False
13.7112 	EXP 	New trial (rep=7, index=0): None
13.7123 	DATA 	Keypress: up
13.7243 	EXP 	fixation: autoDraw = False
13.7243 	EXP 	grating: autoDraw = False
13.7243 	EXP 	grating: ori = 0.0
13.7243 	EXP 	fixation: autoDraw = True
14.7245 	INFO 	Keyboard events cleared
14.7240 	EXP 	fixation: autoDraw = False
14.7240 	EXP 	grating: autoDraw = True
15.0240 	EXP 	grating: autoDraw = False
15.4118 	EXP 	New trial (rep=8, index=0): None
15.4129 	DATA 	Keypress: up
15.4240 	EXP 	fixation: autoDraw = False
15.4240 	EXP 	grating: autoDraw = False
15.4240 	EXP 	grating: ori = 1.0
15.4240 	EXP 	fixation: autoDraw = True
16.4242 	INFO 	Keyboard events cleared
16.4238 	EXP 	fixation: autoDraw = False
16.4238 	EXP 	grating: autoDraw = True
16.7239 	EXP 	grating: autoDraw = False
16.8444 	EXP 	New trial (rep=9, index=0): None
16.8456 	DATA 	Keypress: down
16.8569 	EXP 	fixation: autoDraw = False
16.8569 	EXP 	grating: autoDraw = False
16.8569 	EXP 	grating: ori = 0.0
16.8569 	EXP 	fixation: autoDraw = True
17.8575 	INFO 	Keyboard events cleared
17.8570 	EXP 	fixation: autoDraw = False
17.8570 	EXP 	grating: autoDraw = True
18.1570 	EXP 	grating: autoDraw = False
18.4772 	EXP 	New trial (rep=10, index=0): None
18.4782 	DATA 	Keypress: up
18.4902 	EXP 	fixation: autoDraw = False
18.4902 	EXP 	grating: autoDraw = False
18.4902 	EXP 	grating: ori = 2.0
18.4902 	EXP 	fixation: autoDraw = True
19.4907 	INFO 	Keyboard events cleared
19.4903 	EXP 	fixation: autoDraw = False
19.4903 	EXP 	grating: autoDraw = True
19.7901 	EXP 	grating: autoDraw = False
20.1770 	EXP 	New trial (rep=11, index=0): None
20.1781 	DATA 	Keypress: down
20.1900 	EXP 	fixation: autoDraw = False
20.1900 	EXP 	grating: autoDraw = False
20.1900 	EXP 	grating: ori = -2.0
20.1900 	EXP 	fixation: autoDraw = True
21.1905 	INFO 	Keyboard events cleared
21.1900 	EXP 	fixation: autoDraw = False
21.1900 	EXP 	grating: autoDraw = True
21.4899 	EXP 	grating: autoDraw = False
21.7600 	EXP 	New trial (rep=12, index=0): None
21.7612 	DATA 	Keypress: up
21.7732 	EXP 	fixation: autoDraw = False
21.7732 	EXP 	grating: autoDraw = False
21.7732 	EXP 	grating: ori = -5.0
21.7732 	EXP 	fixation: autoDraw = True
22.7736 	INFO 	Keyboard events cleared
22.7732 	EXP 	fixation: autoDraw = False
22.7732 	EXP 	grating: autoDraw = True
23.0729 	EXP 	grating: autoDraw = False
23.3099 	EXP 	New trial (rep=13, index=0): None
23.3110 	DATA 	Keypress: down
23.3230 	EXP 	fixation: autoDraw = False
23.3230 	EXP 	grating: autoDraw = False
23.3230 	EXP 	grating: ori = -4.0
23.3230 	EXP 	fixation: autoDraw = True
24.3232 	INFO 	Keyboard events cleared
24.3228 	EXP 	fixation: autoDraw = False
24.3228 	EXP 	grating: autoDraw = True
24.6228 	EXP 	grating: autoDraw = False
24.7431 	EXP 	New trial (rep=14, index=0): None
24.7442 	DATA 	Keypress: down
24.7561 	EXP 	fixation: autoDraw = False
24.7561 	EXP 	grating: autoDraw = False
24.7561 	EXP 	grating: ori = -2.0
24.7561 	EXP 	fixation: autoDraw = True
25.7565 	INFO 	Keyboard events cleared
25.7561 	EXP 	fixation: autoDraw = False
25.7561 	EXP 	grating: autoDraw = True
26.0559 	EXP 	grating: autoDraw = False
26.4428 	EXP 	New trial (rep=15, index=0): None
26.4440 	DATA 	Keypress: up
26.4559 	EXP 	fixation: autoDraw = False
26.4559 	EXP 	grating: autoDraw = False
26.4559 	EXP 	grating: ori = -5.0
26.4559 	EXP 	fixation: autoDraw = True
27.4562 	INFO 	Keyboard events cleared
27.4558 	EXP 	fixation: autoDraw = False
27.4558 	EXP 	grating: autoDraw = True
27.7558 	EXP 	grating: autoDraw = False
27.9925 	EXP 	New trial (rep=16, index=0): None
27.9937 	DATA 	Keypress: down
28.0057 	EXP 	fixation: autoDraw = False
28.0057 	EXP 	grating: autoDraw = False
28.0057 	EXP 	grating: ori = 0.0
28.0057 	EXP 	fixation: autoDraw = True
29.0059 	INFO 	Keyboard events cleared
29.0055 	EXP 	fixation: autoDraw = False
29.0055 	EXP 	grating: autoDraw = True
29.3055 	EXP 	grating: autoDraw = False
29.6594 	EXP 	New trial (rep=17, index=0): None
29.6605 	DATA 	Keypress: up
29.6722 	EXP 	fixation: autoDraw = False
29.6722 	EXP 	grating: autoDraw = False
29.6722 	EXP 	grating: ori = 0.0
29.6722 	EXP 	fixation: autoDraw = True
30.6724 	INFO 	Keyboard events cleared
30.6720 	EXP 	fixation: autoDraw = False
30.6720 	EXP 	grating: autoDraw = True
30.9719 	EXP 	grating: autoDraw = False
31.4088 	EXP 	New trial (rep=18, index=0): None
31.4100 	DATA 	Keypress: up
31.4219 	EXP 	fixation: autoDraw = False
31.4219 	EXP 	grating: autoDraw = False
31.4219 	EXP 	grating: ori = 3.0
31.4219 	EXP 	fixation: autoDraw = True
32.4222 	INFO 	Keyboard events cleared
32.4218 	EXP 	fixation: autoDraw = False
32.4218 	EXP 	grating: autoDraw = True
32.7218 	EXP 	grating: autoDraw = False
32.8593 	EXP 	New trial (rep=19, index=0): None
32.8606 	DATA 	Keypress: down
32.8717 	EXP 	fixation: autoDraw = False
32.8717 	EXP 	grating: autoDraw = False
32.8717 	EXP 	grating: ori = 2.0
32.8717 	EXP 	fixation: autoDraw = True
33.8720 	INFO 	Keyboard events cleared
33.8716 	EXP 	fixation: autoDraw = False
33.8716 	EXP 	grating: autoDraw = True
34.1715 	EXP 	grating: autoDraw = False
34.3916 	EXP 	New trial (rep=20, index=0): None
34.3927 	DATA 	Keypress: down
34.4051 	EXP 	fixation: autoDraw = False
34.4051 	EXP 	grating: autoDraw = False
34.4051 	EXP 	grating: ori = -5.0
34.4051 	EXP 	fixation: autoDraw = True
35.4052 	INFO 	Keyboard events cleared
35.4047 	EXP 	fixation: autoDraw = False
35.4047 	EXP 	grating: autoDraw = True
35.7048 	EXP 	grating: autoDraw = False
36.0751 	EXP 	New trial (rep=21, index=0): None
36.0762 	DATA 	Keypress: down
36.0880 	EXP 	fixation: autoDraw = False
36.0880 	EXP 	grating: autoDraw = False
36.0880 	EXP 	grating: ori = -4.0
36.0880 	EXP 	fixation: autoDraw = True
37.0882 	INFO 	Keyboard events cleared
37.0878 	EXP 	fixation: autoDraw = False
37.0878 	EXP 	grating: autoDraw = True
37.3878 	EXP 	grating: autoDraw = False
37.5920 	EXP 	New trial (rep=22, index=0): None
37.5931 	DATA 	Keypress: down
37.6044 	EXP 	fixation: autoDraw = False
37.6044 	EXP 	grating: autoDraw = False
37.6044 	EXP 	grating: ori = 0.0
37.6044 	EXP 	fixation: autoDraw = True
38.6048 	INFO 	Keyboard events cleared
38.6044 	EXP 	fixation: autoDraw = False
38.6044 	EXP 	grating: autoDraw = True
38.9042 	EXP 	grating: autoDraw = False
39.1914 	EXP 	New trial (rep=23, index=0): None
39.1926 	DATA 	Keypress: up
39.2043 	EXP 	fixation: autoDraw = False
39.2043 	EXP 	grating: autoDraw = False
39.2043 	EXP 	grating: ori = 0.0
39.2043 	EXP 	fixation: autoDraw = True
40.2047 	INFO 	Keyboard events cleared
40.2042 	EXP 	fixation: autoDraw = False
40.2042 	EXP 	grating: autoDraw = True
40.5044 	EXP 	grating: autoDraw = False
40.6251 	EXP 	New trial (rep=24, index=0): None
40.6262 	DATA 	Keypress: down
40.6374 	EXP 	fixation: autoDraw = False
40.6374 	EXP 	grating: autoDraw = False
40.6374 	EXP 	grating: ori = 1.0
40.6374 	EXP 	fixation: autoDraw = True
41.6378 	INFO 	Keyboard events cleared
41.6373 	EXP 	fixation: autoDraw = False
41.6373 	EXP 	grating: autoDraw = True
41.9373 	EXP 	grating: autoDraw = False
45.5573 	EXP 	New trial (rep=25, index=0): None
45.5585 	DATA 	Keypress: down
45.5702 	EXP 	fixation: autoDraw = False
45.5702 	EXP 	grating: autoDraw = False
45.5702 	EXP 	grating: ori = 1.0
45.5702 	EXP 	fixation: autoDraw = True
46.5704 	INFO 	Keyboard events cleared
46.5700 	EXP 	fixation: autoDraw = False
46.5700 	EXP 	grating: autoDraw = True
46.8698 	EXP 	grating: autoDraw = False
47.3069 	EXP 	New trial (rep=26, index=0): None
47.3080 	DATA 	Keypress: down
47.3199 	EXP 	fixation: autoDraw = False
47.3199 	EXP 	grating: autoDraw = False
47.3199 	EXP 	grating: ori = 0.0
47.3199 	EXP 	fixation: autoDraw = True
48.3201 	INFO 	Keyboard events cleared
48.3197 	EXP 	fixation: autoDraw = False
48.3197 	EXP 	grating: autoDraw = True
48.6197 	EXP 	grating: autoDraw = False
48.9401 	EXP 	New trial (rep=27, index=0): None
48.9417 	DATA 	Keypress: up
48.9530 	EXP 	fixation: autoDraw = False
48.9530 	EXP 	grating: autoDraw = False
48.9530 	EXP 	grating: ori = 0.0
48.9530 	EXP 	fixation: autoDraw = True
49.9533 	INFO 	Keyboard events cleared
49.9529 	EXP 	fixation: autoDraw = False
49.9529 	EXP 	grating: autoDraw = True
50.2529 	EXP 	grating: autoDraw = False
50.4399 	EXP 	New trial (rep=28, index=0): None
50.4411 	DATA 	Keypress: down
50.4529 	EXP 	fixation: autoDraw = False
50.4529 	EXP 	grating: autoDraw = False
50.4529 	EXP 	grating: ori = -5.0
50.4529 	EXP 	fixation: autoDraw = True
51.4532 	INFO 	Keyboard events cleared
51.4528 	EXP 	fixation: autoDraw = False
51.4528 	EXP 	grating: autoDraw = True
51.7526 	EXP 	grating: autoDraw = False
52.0230 	EXP 	New trial (rep=29, index=0): None
52.0241 	DATA 	Keypress: up
52.0359 	EXP 	fixation: autoDraw = False
52.0359 	EXP 	grating: autoDraw = False
52.0359 	EXP 	grating: ori = 0.0
52.0359 	EXP 	fixation: autoDraw = True
53.0362 	INFO 	Keyboard events cleared
53.0358 	EXP 	fixation: autoDraw = False
53.0358 	EXP 	grating: autoDraw = True
53.3358 	EXP 	grating: autoDraw = False
53.6559 	EXP 	New trial (rep=30, index=0): None
53.6571 	DATA 	Keypress: down
53.6691 	EXP 	fixation: autoDraw = False
53.6691 	EXP 	grating: autoDraw = False
53.6691 	EXP 	grating: ori = 1.0
53.6691 	EXP 	fixation: autoDraw = True
54.6693 	INFO 	Keyboard events cleared
54.6689 	EXP 	fixation: autoDraw = False
54.6689 	EXP 	grating: autoDraw = True
54.9689 	EXP 	grating: autoDraw = False
55.7392 	EXP 	New trial (rep=31, index=0): None
55.7404 	DATA 	Keypress: up
55.7521 	EXP 	fixation: autoDraw = False
55.7521 	EXP 	grating: autoDraw = False
55.7521 	EXP 	grating: ori = 3.0
55.7521 	EXP 	fixation: autoDraw = True
56.7524 	INFO 	Keyboard events cleared
56.7520 	EXP 	fixation: autoDraw = False
56.7520 	EXP 	grating: autoDraw = True
57.0519 	EXP 	grating: autoDraw = False
57.5396 	EXP 	New trial (rep=32, index=0): None
57.5408 	DATA 	Keypress: down
57.5519 	EXP 	fixation: autoDraw = False
57.5519 	EXP 	grating: autoDraw = False
57.5519 	EXP 	grating: ori = 2.0
57.5519 	EXP 	fixation: autoDraw = True
58.5523 	INFO 	Keyboard events cleared
58.5519 	EXP 	fixation: autoDraw = False
58.5519 	EXP 	grating: autoDraw = True
58.8517 	EXP 	grating: autoDraw = False
59.0720 	EXP 	New trial (rep=33, index=0): None
59.0731 	DATA 	Keypress: down
59.0850 	EXP 	fixation: autoDraw = False
59.0850 	EXP 	grating: autoDraw = False
59.0850 	EXP 	grating: ori = 0.0
59.0850 	EXP 	fixation: autoDraw = True
60.0854 	INFO 	Keyboard events cleared
60.0849 	EXP 	fixation: autoDraw = False
60.0849 	EXP 	grating: autoDraw = True
60.3848 	EXP 	grating: autoDraw = False
61.0384 	EXP 	New trial (rep=34, index=0): None
61.0395 	DATA 	Keypress: down
61.0514 	EXP 	fixation: autoDraw = False
61.0514 	EXP 	grating: autoDraw = False
61.0514 	EXP 	grating: ori = -5.0
61.0514 	EXP 	fixation: autoDraw = True
62.0518 	INFO 	Keyboard events cleared
62.0514 	EXP 	fixation: autoDraw = False
62.0514 	EXP 	grating: autoDraw = True
62.3512 	EXP 	grating: autoDraw = False
62.5384 	EXP 	New trial (rep=35, index=0): None
62.5396 	DATA 	Keypress: down
62.5512 	EXP 	fixation: autoDraw = False
62.5512 	EXP 	grating: autoDraw = False
62.5512 	EXP 	grating: ori = 0.0
62.5512 	EXP 	fixation: autoDraw = True
63.5515 	INFO 	Keyboard events cleared
63.5512 	EXP 	fixation: autoDraw = False
63.5512 	EXP 	grating: autoDraw = True
63.8510 	EXP 	grating: autoDraw = False
64.3213 	EXP 	New trial (rep=36, index=0): None
64.3225 	DATA 	Keypress: up
64.3344 	EXP 	fixation: autoDraw = False
64.3344 	EXP 	grating: autoDraw = False
64.3344 	EXP 	grating: ori = 2.0
64.3344 	EXP 	fixation: autoDraw = True
65.3348 	INFO 	Keyboard events cleared
65.3343 	EXP 	fixation: autoDraw = False
65.3343 	EXP 	grating: autoDraw = True
65.6343 	EXP 	grating: autoDraw = False
65.8712 	EXP 	New trial (rep=37, index=0): None
65.8723 	DATA 	Keypress: down
65.8842 	EXP 	fixation: autoDraw = False
65.8842 	EXP 	grating: autoDraw = False
65.8842 	EXP 	grating: ori = 0.0
65.8842 	EXP 	fixation: autoDraw = True
66.8848 	INFO 	Keyboard events cleared
66.8843 	EXP 	fixation: autoDraw = False
66.8843 	EXP 	grating: autoDraw = True
67.1840 	EXP 	grating: autoDraw = False
67.3711 	EXP 	New trial (rep=38, index=0): None
67.3723 	DATA 	Keypress: up
67.3840 	EXP 	fixation: autoDraw = False
67.3840 	EXP 	grating: autoDraw = False
67.3840 	EXP 	grating: ori = 0.0
67.3840 	EXP 	fixation: autoDraw = True
68.3842 	INFO 	Keyboard events cleared
68.3838 	EXP 	fixation: autoDraw = False
68.3838 	EXP 	grating: autoDraw = True
68.6842 	EXP 	grating: autoDraw = False
68.9541 	EXP 	New trial (rep=39, index=0): None
68.9552 	DATA 	Keypress: down
68.9670 	EXP 	fixation: autoDraw = False
68.9670 	EXP 	grating: autoDraw = False
68.9670 	EXP 	grating: ori = -3.0
68.9670 	EXP 	fixation: autoDraw = True
69.9675 	INFO 	Keyboard events cleared
69.9670 	EXP 	fixation: autoDraw = False
69.9670 	EXP 	grating: autoDraw = True
70.2670 	EXP 	grating: autoDraw = False
70.5707 	EXP 	New trial (rep=40, index=0): None
70.5718 	DATA 	Keypress: up
70.5835 	EXP 	fixation: autoDraw = False
70.5835 	EXP 	grating: autoDraw = False
70.5835 	EXP 	grating: ori = -5.0
70.5835 	EXP 	fixation: autoDraw = True
71.5839 	INFO 	Keyboard events cleared
71.5835 	EXP 	fixation: autoDraw = False
71.5835 	EXP 	grating: autoDraw = True
71.8834 	EXP 	grating: autoDraw = False
72.2036 	EXP 	New trial (rep=41, index=0): None
72.2047 	DATA 	Keypress: down
72.2172 	EXP 	fixation: autoDraw = False
72.2172 	EXP 	grating: autoDraw = False
72.2172 	EXP 	grating: ori = 0.0
72.2172 	EXP 	fixation: autoDraw = True
73.2171 	INFO 	Keyboard events cleared
73.2167 	EXP 	fixation: autoDraw = False
73.2167 	EXP 	grating: autoDraw = True
73.5164 	EXP 	grating: autoDraw = False
76.4864 	EXP 	New trial (rep=42, index=0): None
76.4876 	DATA 	Keypress: down
76.4994 	EXP 	fixation: autoDraw = False
76.4994 	EXP 	grating: autoDraw = False
76.4994 	EXP 	grating: ori = 0.0
76.4994 	EXP 	fixation: autoDraw = True
77.4999 	INFO 	Keyboard events cleared
77.4995 	EXP 	fixation: autoDraw = False
77.4995 	EXP 	grating: autoDraw = True
77.7993 	EXP 	grating: autoDraw = False
78.4697 	EXP 	New trial (rep=43, index=0): None
78.4709 	DATA 	Keypress: up
78.4827 	EXP 	fixation: autoDraw = False
78.4827 	EXP 	grating: autoDraw = False
78.4827 	EXP 	grating: ori = -4.0
78.4827 	EXP 	fixation: autoDraw = True
79.4828 	INFO 	Keyboard events cleared
79.4824 	EXP 	fixation: autoDraw = False
79.4824 	EXP 	grating: autoDraw = True
79.7824 	EXP 	grating: autoDraw = False
80.1194 	EXP 	New trial (rep=44, index=0): None
80.1206 	DATA 	Keypress: down
80.1322 	EXP 	fixation: autoDraw = False
80.1322 	EXP 	grating: autoDraw = False
80.1322 	EXP 	grating: ori = 0.0
80.1322 	EXP 	fixation: autoDraw = True
81.1326 	INFO 	Keyboard events cleared
81.1322 	EXP 	fixation: autoDraw = False
81.1322 	EXP 	grating: autoDraw = True
81.4321 	EXP 	grating: autoDraw = False
81.8360 	EXP 	New trial (rep=45, index=0): None
81.8371 	DATA 	Keypress: down
81.8488 	EXP 	fixation: autoDraw = False
81.8488 	EXP 	grating: autoDraw = False
81.8488 	EXP 	grating: ori = 0.0
81.8488 	EXP 	fixation: autoDraw = True
82.8492 	INFO 	Keyboard events cleared
82.8488 	EXP 	fixation: autoDraw = False
82.8488 	EXP 	grating: autoDraw = True
83.1486 	EXP 	grating: autoDraw = False
87.1185 	EXP 	New trial (rep=46, index=0): None
87.1198 	DATA 	Keypress: down
87.1315 	EXP 	fixation: autoDraw = False
87.1315 	EXP 	grating: autoDraw = False
87.1315 	EXP 	grating: ori = -4.0
87.1315 	EXP 	fixation: autoDraw = True
88.1318 	INFO 	Keyboard events cleared
88.1314 	EXP 	fixation: autoDraw = False
88.1314 	EXP 	grating: autoDraw = True
88.4313 	EXP 	grating: autoDraw = False
91.2348 	EXP 	New trial (rep=47, index=0): None
91.2359 	DATA 	Keypress: down
91.2477 	EXP 	fixation: autoDraw = False
91.2477 	EXP 	grating: autoDraw = False
91.2477 	EXP 	grating: ori = 0.0
91.2477 	EXP 	fixation: autoDraw = True
92.2478 	INFO 	Keyboard events cleared
92.2474 	EXP 	fixation: autoDraw = False
92.2474 	EXP 	grating: autoDraw = True
92.5474 	EXP 	grating: autoDraw = False
93.0677 	EXP 	New trial (rep=48, index=0): None
93.0688 	DATA 	Keypress: up
93.0807 	EXP 	fixation: autoDraw = False
93.0807 	EXP 	grating: autoDraw = False
93.0807 	EXP 	grating: ori = 0.0
93.0807 	EXP 	fixation: autoDraw = True
94.0810 	INFO 	Keyboard events cleared
94.0806 	EXP 	fixation: autoDraw = False
94.0806 	EXP 	grating: autoDraw = True
94.3806 	EXP 	grating: autoDraw = False
95.0509 	EXP 	New trial (rep=49, index=0): None
95.0520 	DATA 	Keypress: up
95.0638 	EXP 	fixation: autoDraw = False
95.0638 	EXP 	grating: autoDraw = False
95.0638 	EXP 	grating: ori = 0.0
95.0638 	EXP 	fixation: autoDraw = True
96.0641 	INFO 	Keyboard events cleared
96.0637 	EXP 	fixation: autoDraw = False
96.0637 	EXP 	grating: autoDraw = True
96.3636 	EXP 	grating: autoDraw = False
96.7338 	EXP 	New trial (rep=50, index=0): None
96.7350 	DATA 	Keypress: up
96.7468 	EXP 	fixation: autoDraw = False
96.7468 	EXP 	grating: autoDraw = False
96.7468 	EXP 	grating: ori = -2.0
96.7468 	EXP 	fixation: autoDraw = True
97.7474 	INFO 	Keyboard events cleared
97.7469 	EXP 	fixation: autoDraw = False
97.7469 	EXP 	grating: autoDraw = True
98.0467 	EXP 	grating: autoDraw = False
98.4171 	EXP 	New trial (rep=51, index=0): None
98.4182 	DATA 	Keypress: down
98.4300 	EXP 	fixation: autoDraw = False
98.4300 	EXP 	grating: autoDraw = False
98.4300 	EXP 	grating: ori = -5.0
98.4300 	EXP 	fixation: autoDraw = True
99.4304 	INFO 	Keyboard events cleared
99.4300 	EXP 	fixation: autoDraw = False
99.4300 	EXP 	grating: autoDraw = True
99.7300 	EXP 	grating: autoDraw = False
100.0005 	EXP 	New trial (rep=52, index=0): None
100.0017 	DATA 	Keypress: down
100.0132 	EXP 	fixation: autoDraw = False
100.0132 	EXP 	grating: autoDraw = False
100.0132 	EXP 	grating: ori = 4.0
100.0132 	EXP 	fixation: autoDraw = True
101.0136 	INFO 	Keyboard events cleared
101.0131 	EXP 	fixation: autoDraw = False
101.0131 	EXP 	grating: autoDraw = True
101.3130 	EXP 	grating: autoDraw = False
101.7666 	EXP 	New trial (rep=53, index=0): None
101.7678 	DATA 	Keypress: down
101.7796 	EXP 	fixation: autoDraw = False
101.7796 	EXP 	grating: autoDraw = False
101.7796 	EXP 	grating: ori = 1.0
101.7796 	EXP 	fixation: autoDraw = True
102.7799 	INFO 	Keyboard events cleared
102.7794 	EXP 	fixation: autoDraw = False
102.7794 	EXP 	grating: autoDraw = True
103.0793 	EXP 	grating: autoDraw = False
103.5995 	EXP 	New trial (rep=54, index=0): None
103.6006 	DATA 	Keypress: down
103.6127 	EXP 	fixation: autoDraw = False
103.6127 	EXP 	grating: autoDraw = False
103.6127 	EXP 	grating: ori = 0.0
103.6127 	EXP 	fixation: autoDraw = True
104.6131 	INFO 	Keyboard events cleared
104.6126 	EXP 	fixation: autoDraw = False
104.6126 	EXP 	grating: autoDraw = True
104.9126 	EXP 	grating: autoDraw = False
105.1828 	EXP 	New trial (rep=55, index=0): None
105.1840 	DATA 	Keypress: up
105.1958 	EXP 	fixation: autoDraw = False
105.1958 	EXP 	grating: autoDraw = False
105.1958 	EXP 	grating: ori = 0.0
105.1958 	EXP 	fixation: autoDraw = True
106.1962 	INFO 	Keyboard events cleared
106.1958 	EXP 	fixation: autoDraw = False
106.1958 	EXP 	grating: autoDraw = True
106.4956 	EXP 	grating: autoDraw = False
106.7997 	EXP 	New trial (rep=56, index=0): None
106.8010 	DATA 	Keypress: down
106.8124 	EXP 	fixation: autoDraw = False
106.8124 	EXP 	grating: autoDraw = False
106.8124 	EXP 	grating: ori = -5.0
106.8124 	EXP 	fixation: autoDraw = True
107.8127 	INFO 	Keyboard events cleared
107.8123 	EXP 	fixation: autoDraw = False
107.8123 	EXP 	grating: autoDraw = True
108.1122 	EXP 	grating: autoDraw = False
108.4491 	EXP 	New trial (rep=57, index=0): None
108.4503 	DATA 	Keypress: down
108.4621 	EXP 	fixation: autoDraw = False
108.4621 	EXP 	grating: autoDraw = False
108.4621 	EXP 	grating: ori = 0.0
108.4621 	EXP 	fixation: autoDraw = True
109.4624 	INFO 	Keyboard events cleared
109.4620 	EXP 	fixation: autoDraw = False
109.4620 	EXP 	grating: autoDraw = True
109.7619 	EXP 	grating: autoDraw = False
110.1830 	EXP 	New trial (rep=58, index=0): None
110.1841 	DATA 	Keypress: up
110.1952 	EXP 	fixation: autoDraw = False
110.1952 	EXP 	grating: autoDraw = False
110.1952 	EXP 	grating: ori = 0.0
110.1952 	EXP 	fixation: autoDraw = True
110.2815 	DATA 	Keypress: down
111.1956 	INFO 	Keyboard events cleared
111.1951 	EXP 	fixation: autoDraw = False
111.1951 	EXP 	grating: autoDraw = True
111.4952 	EXP 	grating: autoDraw = False
111.7986 	EXP 	New trial (rep=59, index=0): None
111.7998 	DATA 	Keypress: up
111.8117 	EXP 	fixation: autoDraw = False
111.8117 	EXP 	grating: autoDraw = False
111.8117 	EXP 	grating: ori = 4.0
111.8117 	EXP 	fixation: autoDraw = True
112.8119 	INFO 	Keyboard events cleared
112.8115 	EXP 	fixation: autoDraw = False
112.8115 	EXP 	grating: autoDraw = True
113.1115 	EXP 	grating: autoDraw = False
113.3150 	EXP 	New trial (rep=60, index=0): None
113.3161 	DATA 	Keypress: down
113.3283 	EXP 	fixation: autoDraw = False
113.3283 	EXP 	grating: autoDraw = False
113.3283 	EXP 	grating: ori = -3.0
113.3283 	EXP 	fixation: autoDraw = True
114.3285 	INFO 	Keyboard events cleared
114.3281 	EXP 	fixation: autoDraw = False
114.3281 	EXP 	grating: autoDraw = True
114.6280 	EXP 	grating: autoDraw = False
115.0649 	EXP 	New trial (rep=61, index=0): None
115.0661 	DATA 	Keypress: down
115.0780 	EXP 	fixation: autoDraw = False
115.0780 	EXP 	grating: autoDraw = False
115.0780 	EXP 	grating: ori = -3.0
115.0780 	EXP 	fixation: autoDraw = True
116.0783 	INFO 	Keyboard events cleared
116.0779 	EXP 	fixation: autoDraw = False
116.0779 	EXP 	grating: autoDraw = True
116.3783 	EXP 	grating: autoDraw = False
116.5814 	EXP 	New trial (rep=62, index=0): None
116.5825 	DATA 	Keypress: down
116.5945 	EXP 	fixation: autoDraw = False
116.5945 	EXP 	grating: autoDraw = False
116.5945 	EXP 	grating: ori = 1.0
116.5945 	EXP 	fixation: autoDraw = True
117.5946 	INFO 	Keyboard events cleared
117.5942 	EXP 	fixation: autoDraw = False
117.5942 	EXP 	grating: autoDraw = True
117.8941 	EXP 	grating: autoDraw = False
118.1477 	EXP 	New trial (rep=63, index=0): None
118.1489 	DATA 	Keypress: down
118.1609 	EXP 	fixation: autoDraw = False
118.1609 	EXP 	grating: autoDraw = False
118.1609 	EXP 	grating: ori = 0.0
118.1609 	EXP 	fixation: autoDraw = True
119.1612 	INFO 	Keyboard events cleared
119.1609 	EXP 	fixation: autoDraw = False
119.1609 	EXP 	grating: autoDraw = True
119.4608 	EXP 	grating: autoDraw = False
120.0144 	EXP 	New trial (rep=64, index=0): None
120.0155 	DATA 	Keypress: up
120.0274 	EXP 	fixation: autoDraw = False
120.0274 	EXP 	grating: autoDraw = False
120.0274 	EXP 	grating: ori = 0.0
120.0274 	EXP 	fixation: autoDraw = True
121.0276 	INFO 	Keyboard events cleared
121.0272 	EXP 	fixation: autoDraw = False
121.0272 	EXP 	grating: autoDraw = True
121.3271 	EXP 	grating: autoDraw = False
121.7816 	EXP 	New trial (rep=65, index=0): None
121.7828 	DATA 	Keypress: up
121.7938 	EXP 	fixation: autoDraw = False
121.7938 	EXP 	grating: autoDraw = False
121.7938 	EXP 	grating: ori = -4.0
121.7938 	EXP 	fixation: autoDraw = True
121.8468 	DATA 	Keypress: down
122.2635 	DATA 	Keypress: up
122.7941 	INFO 	Keyboard events cleared
122.7937 	EXP 	fixation: autoDraw = False
122.7937 	EXP 	grating: autoDraw = True
123.0934 	EXP 	grating: autoDraw = False
123.4805 	EXP 	New trial (rep=66, index=0): None
123.4816 	DATA 	Keypress: down
123.4934 	EXP 	fixation: autoDraw = False
123.4934 	EXP 	grating: autoDraw = False
123.4934 	EXP 	grating: ori = 0.0
123.4934 	EXP 	fixation: autoDraw = True
124.4938 	INFO 	Keyboard events cleared
124.4934 	EXP 	fixation: autoDraw = False
124.4934 	EXP 	grating: autoDraw = True
124.7933 	EXP 	grating: autoDraw = False
125.1637 	EXP 	New trial (rep=67, index=0): None
125.1648 	DATA 	Keypress: up
125.1767 	EXP 	fixation: autoDraw = False
125.1767 	EXP 	grating: autoDraw = False
125.1767 	EXP 	grating: ori = 1.0
125.1767 	EXP 	fixation: autoDraw = True
126.1770 	INFO 	Keyboard events cleared
126.1765 	EXP 	fixation: autoDraw = False
126.1765 	EXP 	grating: autoDraw = True
126.4765 	EXP 	grating: autoDraw = False
126.7302 	EXP 	New trial (rep=68, index=0): None
126.7313 	DATA 	Keypress: down
126.7431 	EXP 	fixation: autoDraw = False
126.7431 	EXP 	grating: autoDraw = False
126.7431 	EXP 	grating: ori = -5.0
126.7431 	EXP 	fixation: autoDraw = True
127.7434 	INFO 	Keyboard events cleared
127.7429 	EXP 	fixation: autoDraw = False
127.7429 	EXP 	grating: autoDraw = True
128.0431 	EXP 	grating: autoDraw = False
128.3298 	EXP 	New trial (rep=69, index=0): None
128.3309 	DATA 	Keypress: down
128.3429 	EXP 	fixation: autoDraw = False
128.3429 	EXP 	grating: autoDraw = False
128.3429 	EXP 	grating: ori = 0.0
128.3429 	EXP 	fixation: autoDraw = True
129.3432 	INFO 	Keyboard events cleared
129.3428 	EXP 	fixation: autoDraw = False
129.3428 	EXP 	grating: autoDraw = True
129.6427 	EXP 	grating: autoDraw = False
130.1629 	EXP 	New trial (rep=70, index=0): None
130.1641 	DATA 	Keypress: up
130.1759 	EXP 	fixation: autoDraw = False
130.1759 	EXP 	grating: autoDraw = False
130.1759 	EXP 	grating: ori = 4.0
130.1759 	EXP 	fixation: autoDraw = True
131.1764 	INFO 	Keyboard events cleared
131.1760 	EXP 	fixation: autoDraw = False
131.1760 	EXP 	grating: autoDraw = True
131.4758 	EXP 	grating: autoDraw = False
131.7462 	EXP 	New trial (rep=71, index=0): None
131.7473 	DATA 	Keypress: down
131.7592 	EXP 	fixation: autoDraw = False
131.7592 	EXP 	grating: autoDraw = False
131.7592 	EXP 	grating: ori = 4.0
131.7592 	EXP 	fixation: autoDraw = True
132.7595 	INFO 	Keyboard events cleared
132.7590 	EXP 	fixation: autoDraw = False
132.7590 	EXP 	grating: autoDraw = True
133.0590 	EXP 	grating: autoDraw = False
133.2791 	EXP 	New trial (rep=72, index=0): None
133.2802 	DATA 	Keypress: down
133.2922 	EXP 	fixation: autoDraw = False
133.2922 	EXP 	grating: autoDraw = False
133.2922 	EXP 	grating: ori = 2.0
133.2922 	EXP 	fixation: autoDraw = True
134.2926 	INFO 	Keyboard events cleared
134.2922 	EXP 	fixation: autoDraw = False
134.2922 	EXP 	grating: autoDraw = True
134.5920 	EXP 	grating: autoDraw = False
135.1956 	EXP 	New trial (rep=73, index=0): None
135.1968 	DATA 	Keypress: up
135.2087 	EXP 	fixation: autoDraw = False
135.2087 	EXP 	grating: autoDraw = False
135.2087 	EXP 	grating: ori = 4.0
135.2087 	EXP 	fixation: autoDraw = True
136.2091 	INFO 	Keyboard events cleared
136.2086 	EXP 	fixation: autoDraw = False
136.2086 	EXP 	grating: autoDraw = True
136.5085 	EXP 	grating: autoDraw = False
136.7454 	EXP 	New trial (rep=74, index=0): None
136.7465 	DATA 	Keypress: down
136.7585 	EXP 	fixation: autoDraw = False
136.7585 	EXP 	grating: autoDraw = False
136.7585 	EXP 	grating: ori = 0.0
136.7585 	EXP 	fixation: autoDraw = True
137.7588 	INFO 	Keyboard events cleared
137.7584 	EXP 	fixation: autoDraw = False
137.7584 	EXP 	grating: autoDraw = True
138.0584 	EXP 	grating: autoDraw = False
138.3287 	EXP 	New trial (rep=75, index=0): None
138.3298 	DATA 	Keypress: down
138.3416 	EXP 	fixation: autoDraw = False
138.3416 	EXP 	grating: autoDraw = False
138.3416 	EXP 	grating: ori = 3.0
138.3416 	EXP 	fixation: autoDraw = True
139.3419 	INFO 	Keyboard events cleared
139.3415 	EXP 	fixation: autoDraw = False
139.3415 	EXP 	grating: autoDraw = True
139.6414 	EXP 	grating: autoDraw = False
139.8452 	EXP 	New trial (rep=76, index=0): None
139.8464 	DATA 	Keypress: down
139.8582 	EXP 	fixation: autoDraw = False
139.8582 	EXP 	grating: autoDraw = False
139.8582 	EXP 	grating: ori = 0.0
139.8582 	EXP 	fixation: autoDraw = True
140.8584 	INFO 	Keyboard events cleared
140.8580 	EXP 	fixation: autoDraw = False
140.8580 	EXP 	grating: autoDraw = True
141.1577 	EXP 	grating: autoDraw = False
141.4615 	EXP 	New trial (rep=77, index=0): None
141.4626 	DATA 	Keypress: up
141.4745 	EXP 	fixation: autoDraw = False
141.4745 	EXP 	grating: autoDraw = False
141.4745 	EXP 	grating: ori = -2.0
141.4745 	EXP 	fixation: autoDraw = True
142.4749 	INFO 	Keyboard events cleared
142.4745 	EXP 	fixation: autoDraw = False
142.4745 	EXP 	grating: autoDraw = True
142.7743 	EXP 	grating: autoDraw = False
143.1950 	DATA 	Keypress: up
143.2112 	EXP 	New trial (rep=78, index=0): None
143.2243 	EXP 	fixation: autoDraw = False
143.2243 	EXP 	grating: autoDraw = False
143.2243 	EXP 	grating: ori = 4.0
143.2243 	EXP 	fixation: autoDraw = True
144.2246 	INFO 	Keyboard events cleared
144.2242 	EXP 	fixation: autoDraw = False
144.2242 	EXP 	grating: autoDraw = True
144.5241 	EXP 	grating: autoDraw = False
144.7457 	EXP 	New trial (rep=79, index=0): None
144.7472 	DATA 	Keypress: down
144.7572 	EXP 	fixation: autoDraw = False
144.7572 	EXP 	grating: autoDraw = False
144.7572 	EXP 	grating: ori = 0.0
144.7572 	EXP 	fixation: autoDraw = True
145.7580 	INFO 	Keyboard events cleared
145.7576 	EXP 	fixation: autoDraw = False
145.7576 	EXP 	grating: autoDraw = True
146.0573 	EXP 	grating: autoDraw = False
146.2442 	EXP 	New trial (rep=80, index=0): None
146.2454 	DATA 	Keypress: down
146.2572 	EXP 	fixation: autoDraw = False
146.2572 	EXP 	grating: autoDraw = False
146.2572 	EXP 	grating: ori = 1.0
146.2572 	EXP 	fixation: autoDraw = True
147.2577 	INFO 	Keyboard events cleared
147.2572 	EXP 	fixation: autoDraw = False
147.2572 	EXP 	grating: autoDraw = True
147.5571 	EXP 	grating: autoDraw = False
147.8775 	EXP 	New trial (rep=81, index=0): None
147.8786 	DATA 	Keypress: down
147.8903 	EXP 	fixation: autoDraw = False
147.8903 	EXP 	grating: autoDraw = False
147.8903 	EXP 	grating: ori = 3.0
147.8903 	EXP 	fixation: autoDraw = True
148.8907 	INFO 	Keyboard events cleared
148.8903 	EXP 	fixation: autoDraw = False
148.8903 	EXP 	grating: autoDraw = True
149.1902 	EXP 	grating: autoDraw = False
149.4606 	EXP 	New trial (rep=82, index=0): None
149.4617 	DATA 	Keypress: down
149.4736 	EXP 	fixation: autoDraw = False
149.4736 	EXP 	grating: autoDraw = False
149.4736 	EXP 	grating: ori = -4.0
149.4736 	EXP 	fixation: autoDraw = True
150.4739 	INFO 	Keyboard events cleared
150.4735 	EXP 	fixation: autoDraw = False
150.4735 	EXP 	grating: autoDraw = True
150.7734 	EXP 	grating: autoDraw = False
151.1770 	EXP 	New trial (rep=83, index=0): None
151.1781 	DATA 	Keypress: down
151.1900 	EXP 	fixation: autoDraw = False
151.1900 	EXP 	grating: autoDraw = False
151.1900 	EXP 	grating: ori = 3.0
151.1900 	EXP 	fixation: autoDraw = True
152.1902 	INFO 	Keyboard events cleared
152.1898 	EXP 	fixation: autoDraw = False
152.1898 	EXP 	grating: autoDraw = True
152.4898 	EXP 	grating: autoDraw = False
152.7770 	EXP 	New trial (rep=84, index=0): None
152.7781 	DATA 	Keypress: down
152.7896 	EXP 	fixation: autoDraw = False
152.7896 	EXP 	grating: autoDraw = False
152.7896 	EXP 	grating: ori = 0.0
152.7896 	EXP 	fixation: autoDraw = True
153.7901 	INFO 	Keyboard events cleared
153.7897 	EXP 	fixation: autoDraw = False
153.7897 	EXP 	grating: autoDraw = True
154.0896 	EXP 	grating: autoDraw = False
154.4266 	EXP 	New trial (rep=85, index=0): None
154.4278 	DATA 	Keypress: up
154.4395 	EXP 	fixation: autoDraw = False
154.4395 	EXP 	grating: autoDraw = False
154.4395 	EXP 	grating: ori = 1.0
154.4395 	EXP 	fixation: autoDraw = True
155.4398 	INFO 	Keyboard events cleared
155.4394 	EXP 	fixation: autoDraw = False
155.4394 	EXP 	grating: autoDraw = True
155.7399 	EXP 	grating: autoDraw = False
156.1430 	EXP 	New trial (rep=86, index=0): None
156.1442 	DATA 	Keypress: up
156.1562 	EXP 	fixation: autoDraw = False
156.1562 	EXP 	grating: autoDraw = False
156.1562 	EXP 	grating: ori = 0.0
156.1562 	EXP 	fixation: autoDraw = True
157.1563 	INFO 	Keyboard events cleared
157.1559 	EXP 	fixation: autoDraw = False
157.1559 	EXP 	grating: autoDraw = True
157.4558 	EXP 	grating: autoDraw = False
157.8927 	EXP 	New trial (rep=87, index=0): None
157.8938 	DATA 	Keypress: up
157.9058 	EXP 	fixation: autoDraw = False
157.9058 	EXP 	grating: autoDraw = False
157.9058 	EXP 	grating: ori = -2.0
157.9058 	EXP 	fixation: autoDraw = True
158.9060 	INFO 	Keyboard events cleared
158.9057 	EXP 	fixation: autoDraw = False
158.9057 	EXP 	grating: autoDraw = True
159.2056 	EXP 	grating: autoDraw = False
159.4759 	EXP 	New trial (rep=88, index=0): None
159.4770 	DATA 	Keypress: down
159.4889 	EXP 	fixation: autoDraw = False
159.4889 	EXP 	grating: autoDraw = False
159.4889 	EXP 	grating: ori = -2.0
159.4889 	EXP 	fixation: autoDraw = True
160.4894 	INFO 	Keyboard events cleared
160.4891 	EXP 	fixation: autoDraw = False
160.4891 	EXP 	grating: autoDraw = True
160.7888 	EXP 	grating: autoDraw = False
161.1592 	EXP 	New trial (rep=89, index=0): None
161.1604 	DATA 	Keypress: down
161.1720 	EXP 	fixation: autoDraw = False
161.1720 	EXP 	grating: autoDraw = False
161.1720 	EXP 	grating: ori = 0.0
161.1720 	EXP 	fixation: autoDraw = True
162.1723 	INFO 	Keyboard events cleared
162.1719 	EXP 	fixation: autoDraw = False
162.1719 	EXP 	grating: autoDraw = True
162.4718 	EXP 	grating: autoDraw = False
163.1589 	EXP 	New trial (rep=90, index=0): None
163.1600 	DATA 	Keypress: up
163.1719 	EXP 	fixation: autoDraw = False
163.1719 	EXP 	grating: autoDraw = False
163.1719 	EXP 	grating: ori = 0.0
163.1719 	EXP 	fixation: autoDraw = True
164.1721 	INFO 	Keyboard events cleared
164.1717 	EXP 	fixation: autoDraw = False
164.1717 	EXP 	grating: autoDraw = True
164.4716 	EXP 	grating: autoDraw = False
164.7918 	EXP 	New trial (rep=91, index=0): None
164.7930 	DATA 	Keypress: up
164.8049 	EXP 	fixation: autoDraw = False
164.8049 	EXP 	grating: autoDraw = False
164.8049 	EXP 	grating: ori = 0.0
164.8049 	EXP 	fixation: autoDraw = True
165.8053 	INFO 	Keyboard events cleared
165.8049 	EXP 	fixation: autoDraw = False
165.8049 	EXP 	grating: autoDraw = True
166.1047 	EXP 	grating: autoDraw = False
166.2751 	EXP 	New trial (rep=92, index=0): None
166.2763 	DATA 	Keypress: down
166.2880 	EXP 	fixation: autoDraw = False
166.2880 	EXP 	grating: autoDraw = False
166.2880 	EXP 	grating: ori = 0.0
166.2880 	EXP 	fixation: autoDraw = True
167.2883 	INFO 	Keyboard events cleared
167.2879 	EXP 	fixation: autoDraw = False
167.2879 	EXP 	grating: autoDraw = True
167.5879 	EXP 	grating: autoDraw = False
167.8582 	EXP 	New trial (rep=93, index=0): None
167.8593 	DATA 	Keypress: down
167.8712 	EXP 	fixation: autoDraw = False
167.8712 	EXP 	grating: autoDraw = False
167.8712 	EXP 	grating: ori = 0.0
167.8712 	EXP 	fixation: autoDraw = True
168.8716 	INFO 	Keyboard events cleared
168.8711 	EXP 	fixation: autoDraw = False
168.8711 	EXP 	grating: autoDraw = True
169.1711 	EXP 	grating: autoDraw = False
169.7412 	EXP 	New trial (rep=94, index=0): None
169.7424 	DATA 	Keypress: up
169.7542 	EXP 	fixation: autoDraw = False
169.7542 	EXP 	grating: autoDraw = False
169.7542 	EXP 	grating: ori = -2.0
169.7542 	EXP 	fixation: autoDraw = True
170.7546 	INFO 	Keyboard events cleared
170.7542 	EXP 	fixation: autoDraw = False
170.7542 	EXP 	grating: autoDraw = True
171.0542 	EXP 	grating: autoDraw = False
171.4745 	EXP 	New trial (rep=95, index=0): None
171.4756 	DATA 	Keypress: up
171.4873 	EXP 	fixation: autoDraw = False
171.4873 	EXP 	grating: autoDraw = False
171.4873 	EXP 	grating: ori = 0.0
171.4873 	EXP 	fixation: autoDraw = True
172.4885 	INFO 	Keyboard events cleared
172.4881 	EXP 	fixation: autoDraw = False
172.4881 	EXP 	grating: autoDraw = True
172.7881 	EXP 	grating: autoDraw = False
174.3076 	EXP 	New trial (rep=96, index=0): None
174.3088 	DATA 	Keypress: down
174.3208 	EXP 	fixation: autoDraw = False
174.3208 	EXP 	grating: autoDraw = False
174.3208 	EXP 	grating: ori = -4.0
174.3208 	EXP 	fixation: autoDraw = True
175.3207 	INFO 	Keyboard events cleared
175.3203 	EXP 	fixation: autoDraw = False
175.3203 	EXP 	grating: autoDraw = True
175.6203 	EXP 	grating: autoDraw = False
175.9239 	EXP 	New trial (rep=97, index=0): None
175.9251 	DATA 	Keypress: down
175.9368 	EXP 	fixation: autoDraw = False
175.9368 	EXP 	grating: autoDraw = False
175.9368 	EXP 	grating: ori = 3.0
175.9368 	EXP 	fixation: autoDraw = True
176.9371 	INFO 	Keyboard events cleared
176.9367 	EXP 	fixation: autoDraw = False
176.9367 	EXP 	grating: autoDraw = True
177.2367 	EXP 	grating: autoDraw = False
177.7236 	EXP 	New trial (rep=98, index=0): None
177.7248 	DATA 	Keypress: down
177.7366 	EXP 	fixation: autoDraw = False
177.7366 	EXP 	grating: autoDraw = False
177.7366 	EXP 	grating: ori = 4.0
177.7366 	EXP 	fixation: autoDraw = True
178.7370 	INFO 	Keyboard events cleared
178.7365 	EXP 	fixation: autoDraw = False
178.7365 	EXP 	grating: autoDraw = True
179.0363 	EXP 	grating: autoDraw = False
179.2569 	EXP 	New trial (rep=99, index=0): None
179.2582 	DATA 	Keypress: down
179.2698 	EXP 	fixation: autoDraw = False
179.2698 	EXP 	grating: autoDraw = False
179.2698 	EXP 	grating: ori = 0.0
179.2698 	EXP 	fixation: autoDraw = True
180.2702 	INFO 	Keyboard events cleared
180.2698 	EXP 	fixation: autoDraw = False
180.2698 	EXP 	grating: autoDraw = True
180.5696 	EXP 	grating: autoDraw = False
181.0234 	DATA 	Keypress: up
181.0361 	EXP 	fixation: autoDraw = False
181.0361 	EXP 	grating: autoDraw = False
181.0379 	EXP 	Signal Detection Task: status = STOPPED
181.0529 	INFO 	saved data to 'D:\\Lab in Psych\\Signal detection Theory\\data/Tanishka_Signal Detection Task_2024-09-17_12h28.22.473.csv'
181.0542 	INFO 	saved data to D:\Lab in Psych\Signal detection Theory\data/Tanishka_Signal Detection Task_2024-09-17_12h28.22.473.psydat
181.0898 	EXP 	window1: mouseVisible = True
182.5632 	DEBUG 	Saving data for Signal Detection Task ExperimentHandler
